845
610
599
589
598
582
584
588
1355
1350
1349
1333
1351
1332
316
315
314
298
1053
1052
1050
1024
1256
1243
586
585
1721
55
1701
878
1039
1708
159
982
1026
392
2022
376
1199
1860
2021
375
1854
1031
259
1082
233
1056
1879
1865
341
330
1153
104
1719
896
906
1983
337
267
1090
1647
1
824
1657
1981
335
1557
1966
1143
31
854
14
837
1531
109
932
904
1661
838
25
1883
326
1149
1972
1582
759
1575
1573
750
1643
1640
817
826
144
967
327
1150
880
1075
1898
1269
446
696
691
543
1366
542
1365
1029
1020
515
583
1406
992
986
991
73
1814
523
1346
541
250
1895
1027
1142
594
1417
593
1416
1157
334
625
1186
1194
371
1526
299
1122
1117
1863
636
629
1452
690
1099
1098
624
622
1108
698
1107
1930
579
1402
578
1224
401
672
662
1485
1636
1227
1213
390
419
418
1741
918
98
921
3
1744
507
1734
1728
82
905
993
75
1816
989
1398
575
1792
969
301
1528
705
383
998
1407
1487
648
1466
1475
652
647
1470
1465
1669
846
841
1656
429
151
1797
1787
493
1376
1368
545
956
955
132
475
1298
938
1856
115
919
1210
801
1624
1698
875
471
1294
806
255
623
1446
1662
26
1976
235
1058
1881
859
243
1066
840
1663
93
1739
889
1712
697
1095
1918
1714
891
487
1057
1062
67
1181
1999
353
1176
1035
1858
2041
1825
1385
1830
1733
87
1893
152
975
57
1798
1788
965
1906
1497
900
457
1882
1064
146
1887
241
246
1001
83
1824
1410
587
867
60
883
1287
469
1292
1372
549
2013
377
1004
81
1822
999
230
1337
514
509
1306
483
1853
112
1700
54
1272
1422
1889
148
971
1794
745
33
856
1679
851
1674
1846
1228
360
2006
5
199
135
958
1781
232
1055
635
1467
12
2002
1179
1946
1123
1225
407
1230
1634
198
1021
1113
2036
295
1118
200
1941
892
1715
1979
333
1156
249
1990
344
1581
758
19
1665
842
417
1197
2020
799
793
1616
1821
80
677
1286
463
468
1529
1120
2038
297
722
917
94
1740
123
222
707
1503
680
1025
1468
359
1182
1177
354
1103
318
727
422
1207
2030
1096
888
1997
1174
361
909
86
1345
936
737
1102
1925
1933
1115
197
1938
1911
1888
147
52
1793
1783
960
1374
1642
819
494
1786
2018
791
1614
1872
1049
251
1992
1169
1185
262
2003
1594
1648
394
943
1880
139
962
1785
1363
136
959
1855
802
1580
784
1607
1986
331
1154
1967
1144
321
461
1335
108
517
1340
1114
455
1278
741
1539
1130
212
1953
2048
307
721
1908
167
990
1988
1165
640
126
1867
858
1267
444
153
1894
2001
1178
355
1909
2
1743
920
516
1264
441
37
860
865
456
1561
743
1566
1138
729
1134
311
725
790
1613
1129
2047
306
1283
1675
39
862
448
1271
1266
443
868
1597
1951
724
1547
728
1605
787
1610
408
1231
887
1262
1779
38
861
447
1418
595
474
857
1261
452
1148
1171
605
603
1140
1137
219
1960
1089
1912
244
1067
902
1054
1842
101
924
100
548
1371
571
568
1391
565
818
821
379
2025
400
1897
156
155
978
381
1926
185
1008
1009
187
1010
378
385
2031
1763
22
1668
845
21
85
481
954
36
1777
1902
161
1771
1484
661
1819
79
1820
1525
749
754
783
1606
1522
699
1523
700
1419
596
4
1745
1751
1173
350
207
1948
1958
234
1975
1152
208
1949
308
1678
1717
894
71
1716
1707
1540
1546
1533
710
1870
116
1857
1590
1591
1593
1603
1604
1612
1620
1611
1638
1314
1295
472
619
709
748
1229
1234
1246
675
1012
1013
1627
1162
1637
1659
836
1608
1609
1119
1121
203
1944
1954
213
901
1397
930
951
895
1813
72
914
1063
145
1886
1535
1565
1313
490
1305
482
1265
382
2028
465
111
1862
121
440
420
415
1899
547
1370
1950
590
612
693
701
1312
489
667
654
651
498
486
485
285
2026
830
831
843
90
913
1799
58
59
345
1168
600
601
1146
323
1145
322
1151
328
1277
1290
925
933
822
554
388
1100
1923
572
1395
2044
1578
668
1289
952
34
1775
1579
1587
669
370
556
555
1378
563
1159
336
1884
511
1334
536
1233
665
653
324
169
1910
606
608
666
679
544
1367
953
35
1776
966
1789
1166
470
500
1393
1914
655
658
309
1390
484
1916
1387
981
663
656
1257
1258
1244
1189
1382
1383
23
1764
957
985
983
987
988
186
1927
1432
1437
1436
1773
1505
1506
1518
477
476
502
503
504
1917
478
592
617
1354
